2025-03-14 09:54:42.912: [INFO] VisibilityChanged: 0
2025-03-14 09:54:42.931: [INFO] RecordSyncInitDurationhas_sync_been_enabled: 0 state: 0
2025-03-14 09:54:42.931: [INFO] RecordSyncInitDurationhas_sync_been_enabled: 0 state: 0
2025-03-14 09:54:42.931: [INFO] RecordSyncInitDurationhas_sync_been_enabled: 0 state: 0
2025-03-14 09:54:42.931: [INFO] RecordSyncInitDurationhas_sync_been_enabled: 0 state: 0
2025-03-14 09:54:42.931: [INFO] RecordSyncInitDurationhas_sync_been_enabled: 0 state: 0
2025-03-14 09:54:42.931: [INFO] RecordSyncInitDurationhas_sync_been_enabled: 0 state: 0
2025-03-14 09:54:42.931: [INFO] RecordSyncInitDurationhas_sync_been_enabled: 0 state: 0
2025-03-14 09:54:42.932: [INFO] RecordSyncInitDurationhas_sync_been_enabled: 0 state: 0
2025-03-14 09:54:42.932: [INFO] RecordSyncInitDurationhas_sync_been_enabled: 0 state: 0
2025-03-14 09:54:42.932: [INFO] RecordSyncInitDurationhas_sync_been_enabled: 0 state: 0
2025-03-14 09:54:42.932: [INFO] RecordSyncInitDurationhas_sync_been_enabled: 0 state: 0
2025-03-14 09:54:42.940: [INFO] BookmarkModelLoaded, ids_reassigned: 0
2025-03-14 09:54:42.940: [INFO] OnDoneLoading sync enabled: 0
2025-03-14 09:54:42.981: [INFO] RecordSyncInitDurationhas_sync_been_enabled: 0 state: 0
2025-03-14 09:54:43.814: [INFO] RecordSyncInitDurationhas_sync_been_enabled: 0 state: 0
2025-03-14 09:54:43.815: [INFO] Primary account changed.
2025-03-14 09:54:43.815: [INFO] OnPrimaryAccountChangedPrimaryAccountChangeEvent::Type::kSet
2025-03-14 09:54:43.816: [INFO] RecordSyncInitDurationhas_sync_been_enabled: 0 state: 0
2025-03-14 09:54:43.816: [INFO] RecordSyncInitDurationhas_sync_been_enabled: 0 state: 0
